Building Fe02-OS locally...
[1/2] STEP 1/4: FROM scratch AS ctx
[1/2] STEP 2/4: COPY files /
--> 6e720e0065c8
[1/2] STEP 3/4: COPY cosign.pub /
--> 036bf5f78d3a
[1/2] STEP 4/4: COPY ENVAR /
--> dfa943a2b1da
[2/2] STEP 1/9: FROM quay.io/fedora-ostree-desktops/kinoite:44
[2/2] STEP 2/9: ARG DESKTOP_ENV
--> 7b265178e7af
[2/2] STEP 3/9: ARG GAMING
--> f08e669e21b3
[2/2] STEP 4/9: ENV DESKTOP_ENV=${DESKTOP_ENV}
--> f20678d8198e
[2/2] STEP 5/9: ENV GAMING=${GAMING}
--> f32d6368a422
[2/2] STEP 6/9: RUN --mount=type=cache,dst=/var/cache     --mount=type=cache,dst=/var/log     --mount=type=tmpfs,dst=/tmp     --mount=type=bind,from=ctx,source=/,target=/ctx     bash /ctx/scripts/00-setup.sh
=== Fe02-OS Build Pipeline ===
Step 1: Upgrading packages...
Nothing to do.
Step 5: Copying system files...
Copying over default system configurations and files
Verifying branding assets in image root
[ok] /usr/share/pixmaps/fe02-logo.svg
[ok] /usr/share/pixmaps/fe02-logo-white.svg
[ok] /usr/share/pixmaps/distributor-logo.svg
[ok] /usr/share/pixmaps/fedora-logo-icon.svg
[ok] /usr/share/icons/hicolor/scalable/apps/fe02-logo.svg
[ok] /usr/share/icons/hicolor/scalable/apps/distributor-logo.svg
[ok] /usr/share/icons/hicolor/scalable/apps/fedora-logo-icon.svg
[ok] /usr/share/icons/hicolor/scalable/places/distributor-logo.svg
[ok] /usr/share/icons/hicolor/symbolic/apps/distributor-logo-symbolic.svg
[ok] /usr/share/icons/hicolor/symbolic/apps/fedora-logo-symbolic.svg
[ok] /usr/share/icons/hicolor/symbolic/places/distributor-logo-symbolic.svg
[ok] /usr/share/plymouth/themes/spinner/watermark.png
[ok] /usr/share/fastfetch/presets/fe02/fe02-ascii.txt
[ok] /usr/share/fastfetch/presets/fe02/fe02-fastfetch.jsonc
Copying done
Step 6: Installing packages...
Installing yq for YAML parsing...
Package Arch   Version         Repository      Size
Installing:
 yq     x86_64 0:4.47.1-5.fc44 fedora      11.4 MiB

Transaction Summary:
 Installing:         1 package

Parsing packages for variant: kde
Removing bloat packages...
Package            Arch   Version        Repository      Size
Removing:
 firefox           x86_64 0:149.0-4.fc44 <unknown>  268.8 MiB
 firefox-langpacks x86_64 0:149.0-4.fc44 <unknown>   42.3 MiB

Transaction Summary:
 Removing:           2 packages

Installing variant packages...
Package                 Arch   Version                 Repository            Size
Installing:
 dfu-util               x86_64 0:0.11-13.fc44          fedora           134.1 KiB
 distrobox              noarch 0:1.8.2.4-1.fc44        fedora           475.3 KiB
 fastfetch              x86_64 0:2.60.0-1.fc44         fedora             1.7 MiB
 gnome-disk-utility     x86_64 0:46.1-4.fc44           fedora             6.7 MiB
 neovim                 x86_64 0:0.11.6-1.fc44         fedora            31.6 MiB
 stow                   noarch 0:2.4.1-4.fc44          fedora           362.8 KiB
 tailscale              x86_64 0:1.96.4-1              tailscale-stable  68.6 MiB
Installing dependencies:
 compat-lua-libs        x86_64 0:5.1.5-31.fc44         fedora           498.0 KiB
 libhandy               x86_64 0:1.8.3-10.fc44         fedora             1.4 MiB
 libluv                 x86_64 0:1.51.0.2-2.fc44       fedora           211.9 KiB
 libtree-sitter         x86_64 0:0.25.10-2.fc44        fedora           212.1 KiB
 libvterm               x86_64 0:0.3.3-7.fc44          fedora            77.9 KiB
 lua5.1-lpeg            x86_64 0:1.1.0-7.fc44          fedora            67.3 KiB
 luajit                 x86_64 0:2.1.1767980792-1.fc44 fedora             1.4 MiB
 luajit2.1-luv          x86_64 0:1.51.0.2-2.fc44       fedora           194.9 KiB
 perl-AutoLoader        noarch 0:5.74-523.fc44         fedora            20.6 KiB
 perl-B                 x86_64 0:1.89-523.fc44         fedora           501.2 KiB
 perl-Carp              noarch 0:1.54-521.fc44         fedora            46.6 KiB
 perl-Class-Struct      noarch 0:0.68-523.fc44         fedora            25.4 KiB
 perl-Data-Dumper       x86_64 0:2.191-522.fc44        fedora           115.5 KiB
 perl-Digest            noarch 0:1.20-521.fc44         fedora            35.3 KiB
 perl-Digest-MD5        x86_64 0:2.59-521.fc44         fedora            59.6 KiB
 perl-DynaLoader        x86_64 0:1.57-523.fc44         fedora            32.1 KiB
 perl-Encode            x86_64 4:3.21-521.fc44         fedora             4.7 MiB
 perl-Errno             x86_64 0:1.38-523.fc44         fedora             8.4 KiB
 perl-Exporter          noarch 0:5.79-521.fc44         fedora            54.3 KiB
 perl-Fcntl             x86_64 0:1.20-523.fc44         fedora            48.7 KiB
 perl-File-Basename     noarch 0:2.86-523.fc44         fedora            14.0 KiB
 perl-File-Copy         noarch 0:2.41-523.fc44         fedora            19.7 KiB
 perl-File-Find         noarch 0:1.44-523.fc44         fedora            42.0 KiB
 perl-File-Path         noarch 0:2.18-522.fc44         fedora            63.5 KiB
 perl-File-Temp         noarch 1:0.231.200-2.fc44      fedora           163.7 KiB
 perl-File-stat         noarch 0:1.14-523.fc44         fedora            12.5 KiB
 perl-FileHandle        noarch 0:2.05-523.fc44         fedora             9.4 KiB
 perl-Getopt-Long       noarch 1:2.58-521.fc44         fedora           144.5 KiB
 perl-Getopt-Std        noarch 0:1.14-523.fc44         fedora            11.2 KiB
 perl-HTTP-Tiny         noarch 0:0.092-2.fc44          fedora           157.6 KiB
 perl-IO                x86_64 0:1.55-523.fc44         fedora           147.3 KiB
 perl-IO-Socket-IP      noarch 0:0.43-522.fc44         fedora           100.3 KiB
 perl-IO-Socket-SSL     noarch 0:2.098-2.fc44          fedora           723.5 KiB
 perl-IPC-Open3         noarch 0:1.24-523.fc44         fedora            27.7 KiB
 perl-MIME-Base32       noarch 0:1.303-25.fc44         fedora            30.7 KiB
 perl-MIME-Base64       x86_64 0:3.16-521.fc44         fedora            41.9 KiB
 perl-Net-SSLeay        x86_64 0:1.94-12.fc44          fedora             1.3 MiB
 perl-POSIX             x86_64 0:2.23-523.fc44         fedora           229.4 KiB
 perl-PathTools         x86_64 0:3.94-521.fc44         fedora           179.9 KiB
 perl-Pod-Escapes       noarch 1:1.07-521.fc44         fedora            24.9 KiB
 perl-Pod-Perldoc       noarch 0:3.28.01-522.fc44      fedora           163.7 KiB
 perl-Pod-Simple        noarch 1:3.47-4.fc44           fedora           565.3 KiB
 perl-Pod-Usage         noarch 4:2.05-521.fc44         fedora            86.3 KiB
 perl-Scalar-List-Utils x86_64 5:1.70-2.fc44           fedora           144.8 KiB
 perl-SelectSaver       noarch 0:1.02-523.fc44         fedora             2.2 KiB
 perl-Socket            x86_64 4:2.040-3.fc44          fedora           120.1 KiB
 perl-Storable          x86_64 1:3.37-522.fc44         fedora           235.1 KiB
 perl-Symbol            noarch 0:1.09-523.fc44         fedora             6.8 KiB
 perl-Term-ANSIColor    noarch 0:5.01-522.fc44         fedora            97.5 KiB
 perl-Term-Cap          noarch 0:1.18-521.fc44         fedora            29.3 KiB
 perl-Text-ParseWords   noarch 0:3.31-521.fc44         fedora            13.6 KiB
 perl-Text-Tabs+Wrap    noarch 0:2024.001-521.fc44     fedora            22.6 KiB
 perl-Time-HiRes        x86_64 4:1.9778-521.fc44       fedora           115.6 KiB
 perl-Time-Local        noarch 2:1.350-521.fc44        fedora            69.0 KiB
 perl-URI               noarch 0:5.34-3.fc44           fedora           268.0 KiB
 perl-base              noarch 0:2.27-523.fc44         fedora            12.6 KiB
 perl-constant          noarch 0:1.33-522.fc44         fedora            26.2 KiB
 perl-if                noarch 0:0.61.000-523.fc44     fedora             5.8 KiB
 perl-interpreter       x86_64 4:5.42.1-523.fc44       fedora           118.5 KiB
 perl-libnet            noarch 0:3.15-522.fc44         fedora           289.4 KiB
 perl-libs              x86_64 4:5.42.1-523.fc44       fedora            11.6 MiB
 perl-locale            noarch 0:1.13-523.fc44         fedora             6.1 KiB
 perl-mro               x86_64 0:1.29-523.fc44         fedora            41.5 KiB
 perl-overload          noarch 0:1.40-523.fc44         fedora            71.6 KiB
 perl-overloading       noarch 0:0.02-523.fc44         fedora             4.9 KiB
 perl-parent            noarch 1:0.244-521.fc44        fedora            10.3 KiB
 perl-podlators         noarch 1:6.0.2-521.fc44        fedora           317.5 KiB
 perl-vars              noarch 0:1.05-523.fc44         fedora             3.9 KiB
 unibilium              x86_64 0:2.1.2-5.fc44          fedora            66.2 KiB
 utf8proc               x86_64 0:2.11.3-2.fc44         fedora           373.5 KiB
 yyjson                 x86_64 0:0.12.0-2.fc44         fedora           272.1 KiB

Transaction Summary:
 Installing:        78 packages

Package                     Arch   Version            Repository      Size
Removing:
 kernel                     x86_64 0:6.19.10-300.fc44 <unknown>    0.0   B
 kernel-core                x86_64 0:6.19.10-300.fc44 <unknown>   98.5 MiB
 kernel-modules             x86_64 0:6.19.10-300.fc44 <unknown>   96.9 MiB
 kernel-modules-core        x86_64 0:6.19.10-300.fc44 <unknown>   71.2 MiB
 kernel-modules-extra       x86_64 0:6.19.10-300.fc44 <unknown>    4.3 MiB
 kernel-tools               x86_64 0:6.19.10-300.fc44 <unknown>  923.5 KiB
 kernel-tools-libs          x86_64 0:6.19.10-300.fc44 <unknown>   30.2 KiB
Removing dependent packages:
 virtualbox-guest-additions x86_64 0:7.2.6-1.fc44     <unknown>    3.5 MiB

Transaction Summary:
 Removing:           8 packages

Disabling rpm-ostree kernel install hook...
Package                     Arch   Version                    Repository                                                          Size
Installing:
 kernel-cachyos-lto         x86_64 0:6.19.9-cachyos1.lto.fc44 copr:copr.fedorainfracloud.org:bieszczaders:kernel-cachyos-lto   0.0   B
Installing dependencies:
 kernel-cachyos-lto-core    x86_64 0:6.19.9-cachyos1.lto.fc44 copr:copr.fedorainfracloud.org:bieszczaders:kernel-cachyos-lto 116.3 MiB
 kernel-cachyos-lto-modules x86_64 0:6.19.9-cachyos1.lto.fc44 copr:copr.fedorainfracloud.org:bieszczaders:kernel-cachyos-lto 129.9 MiB

Transaction Summary:
 Installing:         3 packages

Copr repository 'copr.fedorainfracloud.org/bieszczaders/kernel-cachyos-lto' in '/etc/yum.repos.d/_copr:copr.fedorainfracloud.org:bieszczaders:kernel-cachyos-lto.repo' disabled.
Re-enabling rpm-ostree kernel install hook...
Step 7: Applying branding...
Applying Fe02-OS Branding...
Fastfetch setup complete.
Plymouth theme set.
Purging unwanted desktop entries...
Build script execution finished successfully.
Step 8: Applying tweaks and fixes...
Applying system tweaks and fixes...
Tweaks applied.
Step 9: Applying image info...
Applying custom image info and labels
Setting BOOTLOADER_NAME=Fe02-OS
Setting DEFAULT_HOSTNAME=fe02
Setting LOGO=distributor-logo
Setting NAME=Fe02-OS
Setting BUG_REPORT_URL=https://github.com/fe02/Fe02-OS/issues
Setting ID_LIKE=linux
Setting HOME_URL=https://github.com/fe02/Fe02-OS
Setting ID=fe02
Setting VARIANT=Fe02-OS
Setting PRETTY_NAME=Fe02-OS
Setting DOCUMENTATION_URL=https://github.com/fe02/Fe02-OS
Setting VARIANT_ID=fe02
Setting SUPPORT_URL=https://github.com/fe02/Fe02-OS/issues
Setting IMAGE_ID=fe02
Setting VERSION=Fe02-OS
Checking for forbidden distro branding in /usr/lib/os-release
Applied image info
Full output of: /usr/lib/os-release
NAME="Fe02-OS"
VERSION="Fe02-OS"
RELEASE_TYPE=stable
ID="fe02"
VERSION_ID=44
VERSION_CODENAME=""
PRETTY_NAME="Fe02-OS"
ANSI_COLOR="0;38;2;60;110;180"
LOGO="distributor-logo"
DEFAULT_HOSTNAME="fe02"
HOME_URL="https://github.com/fe02/Fe02-OS"
DOCUMENTATION_URL="https://github.com/fe02/Fe02-OS"
SUPPORT_URL="https://github.com/fe02/Fe02-OS/issues"
BUG_REPORT_URL="https://github.com/fe02/Fe02-OS/issues"
VARIANT="Fe02-OS"
VARIANT_ID="fe02"
OSTREE_VERSION='44.20260410.0'
BOOTLOADER_NAME="Fe02-OS"
ID_LIKE="linux"
IMAGE_ID="fe02"
Step 10: Handling security and signing...
Applying security and signing policy...
Signing complete.
Step 11: Regenerating initramfs...
INFO: Regenerating Initramfs for all installed kernels.
INFO: Applied temporary Dracut performance logging config.
INFO: Starting initramfs generation for kernel version: 6.19.9-cachyos1.lto.fc44.x86_64
INFO: Successfully generated initramfs for 6.19.9-cachyos1.lto.fc44.x86_64
INFO: Removed temporary Dracut config.
INFO: Initramfs regeneration finished successfully.
Step 12: Running cleanup...
INFO: Running container cleanup...
Removed 24 files, 20 directories (total of 64 MiB). 0 errors occurred.
INFO: Container cleanup complete.
=== Build Complete ===
--> f4396721fd29
[2/2] STEP 7/9: RUN rm -rf /opt && ln -s /var/opt /opt &&     systemctl set-default graphical.target
--> d54064b7aeb0
[2/2] STEP 8/9: CMD ["/sbin/init"]
--> be41bd913d85
[2/2] STEP 9/9: RUN ["bootc", "container", "lint"]
Checks passed: 12
Checks skipped: 1
[2/2] COMMIT fe02-os:test
--> 671bf5c374e2
Successfully tagged localhost/fe02-os:test
671bf5c374e2e77e12f7c3d92a0e8586940f0550e9372c1eab42f5c28066230f
Build completed successfully!
