Building Fe02-OS locally...
  Desktop    : gnome
  Base Image : quay.io/fedora-ostree-desktops/silverblue
  Gaming     : false
  Tag        : fe02-os:gnome

[1/2] STEP 1/3: FROM scratch AS ctx
[1/2] STEP 2/3: COPY files /
--> c981e432dc0d
[1/2] STEP 3/3: COPY cosign.pub /
--> 000712fbe138
[2/2] STEP 1/8: FROM quay.io/fedora-ostree-desktops/silverblue:44
[2/2] STEP 2/8: ARG DESKTOP_ENV
--> a5ca811a1dc3
[2/2] STEP 3/8: ARG GAMING
--> 3f4338687bdf
[2/2] STEP 4/8: ENV DESKTOP_ENV=${DESKTOP_ENV}
--> e4a4ddb26e67
[2/2] STEP 5/8: ENV GAMING=${GAMING}
--> a47c4bc0fa7a
[2/2] STEP 6/8: RUN --mount=type=cache,dst=/var/cache     --mount=type=cache,dst=/var/log     --mount=type=tmpfs,dst=/tmp     --mount=type=bind,from=ctx,source=/,target=/ctx     bash /ctx/scripts/00-setup.sh
Step 1: Installing signing policy and public key...
Step 2: Upgrading packages...
Package                 Arch   Version        Repository                 Size
Installing:
 openh264               x86_64 0:2.6.0-3.fc44 fedora-cisco-openh264   1.1 MiB
   replacing noopenh264 x86_64 0:2.6.0-4.fc44 <unknown>              39.0 KiB
Installing dependencies:
 mozilla-openh264       x86_64 0:2.6.0-3.fc44 fedora-cisco-openh264   1.1 MiB

Transaction Summary:
 Installing:         2 packages
 Replacing:          1 package

Step 3: Installing packages...
Installing yq for YAML parsing...
Package Arch   Version         Repository      Size
Installing:
 yq     x86_64 0:4.47.1-5.fc44 fedora      11.4 MiB

Transaction Summary:
 Installing:         1 package

Nothing to do.
Parsing packages for variant: gnome
Installing common and variant packages...
Package                 Arch   Version                 Repository                                            Size
Installing:
 adw-gtk3-theme         noarch 0:6.4-3.fc44            fedora                                             1.0 MiB
 btop                   x86_64 0:1.4.6-4.fc44          fedora                                             1.7 MiB
 dfu-util               x86_64 0:0.11-13.fc44          fedora                                           134.1 KiB
 distrobox              noarch 0:1.8.2.4-1.fc44        fedora                                           475.3 KiB
 fastfetch              x86_64 0:2.60.0-1.fc44         fedora                                             1.7 MiB
 ghostty                x86_64 0:1.3.1-2.fc44          copr:copr.fedorainfracloud.org:scottames:ghostty 129.7 MiB
 gnome-tweaks           noarch 0:49.0-2.fc44           fedora                                             1.5 MiB
 neovim                 x86_64 0:0.11.6-1.fc44         fedora                                            31.6 MiB
 stow                   noarch 0:2.4.1-4.fc44          fedora                                           362.8 KiB
 tailscale              x86_64 0:1.96.4-1              tailscale-stable                                  68.6 MiB
Installing dependencies:
 compat-lua-libs        x86_64 0:5.1.5-31.fc44         fedora                                           498.0 KiB
 gtk4-layer-shell       x86_64 0:1.3.0-1.fc44          fedora                                            69.1 KiB
 libluv                 x86_64 0:1.51.0.2-2.fc44       fedora                                           211.9 KiB
 libtree-sitter         x86_64 0:0.25.10-2.fc44        fedora                                           212.1 KiB
 libvterm               x86_64 0:0.3.3-7.fc44          fedora                                            77.9 KiB
 lua5.1-lpeg            x86_64 0:1.1.0-7.fc44          fedora                                            67.3 KiB
 luajit                 x86_64 0:2.1.1767980792-1.fc44 fedora                                             1.4 MiB
 luajit2.1-luv          x86_64 0:1.51.0.2-2.fc44       fedora                                           194.9 KiB
 perl-AutoLoader        noarch 0:5.74-524.fc44         updates                                           20.6 KiB
 perl-B                 x86_64 0:1.89-524.fc44         updates                                          501.2 KiB
 perl-Carp              noarch 0:1.54-521.fc44         fedora                                            46.6 KiB
 perl-Class-Struct      noarch 0:0.68-524.fc44         updates                                           25.4 KiB
 perl-Data-Dumper       x86_64 0:2.191-522.fc44        fedora                                           115.5 KiB
 perl-Digest            noarch 0:1.20-521.fc44         fedora                                            35.3 KiB
 perl-Digest-MD5        x86_64 0:2.59-521.fc44         fedora                                            59.6 KiB
 perl-DynaLoader        x86_64 0:1.57-524.fc44         updates                                           32.1 KiB
 perl-Encode            x86_64 4:3.21-521.fc44         fedora                                             4.7 MiB
 perl-Errno             x86_64 0:1.38-524.fc44         updates                                            8.4 KiB
 perl-Exporter          noarch 0:5.79-521.fc44         fedora                                            54.3 KiB
 perl-Fcntl             x86_64 0:1.20-524.fc44         updates                                           48.7 KiB
 perl-File-Basename     noarch 0:2.86-524.fc44         updates                                           14.0 KiB
 perl-File-Copy         noarch 0:2.41-524.fc44         updates                                           19.7 KiB
 perl-File-Find         noarch 0:1.44-524.fc44         updates                                           42.0 KiB
 perl-File-Path         noarch 0:2.18-522.fc44         fedora                                            63.5 KiB
 perl-File-Temp         noarch 1:0.231.200-2.fc44      fedora                                           163.7 KiB
 perl-File-stat         noarch 0:1.14-524.fc44         updates                                           12.5 KiB
 perl-FileHandle        noarch 0:2.05-524.fc44         updates                                            9.4 KiB
 perl-Getopt-Long       noarch 1:2.58-521.fc44         fedora                                           144.5 KiB
 perl-Getopt-Std        noarch 0:1.14-524.fc44         updates                                           11.2 KiB
 perl-HTTP-Tiny         noarch 0:0.092-2.fc44          fedora                                           157.6 KiB
 perl-IO                x86_64 0:1.55-524.fc44         updates                                          147.3 KiB
 perl-IO-Socket-IP      noarch 0:0.43-522.fc44         fedora                                           100.3 KiB
 perl-IO-Socket-SSL     noarch 0:2.098-2.fc44          fedora                                           723.5 KiB
 perl-IPC-Open3         noarch 0:1.24-524.fc44         updates                                           27.7 KiB
 perl-MIME-Base32       noarch 0:1.303-25.fc44         fedora                                            30.7 KiB
 perl-MIME-Base64       x86_64 0:3.16-521.fc44         fedora                                            41.9 KiB
 perl-Net-SSLeay        x86_64 0:1.94-12.fc44          fedora                                             1.3 MiB
 perl-POSIX             x86_64 0:2.23-524.fc44         updates                                          229.4 KiB
 perl-PathTools         x86_64 0:3.94-521.fc44         fedora                                           179.9 KiB
 perl-Pod-Escapes       noarch 1:1.07-521.fc44         fedora                                            24.9 KiB
 perl-Pod-Perldoc       noarch 0:3.28.01-522.fc44      fedora                                           163.7 KiB
 perl-Pod-Simple        noarch 1:3.47-4.fc44           fedora                                           565.3 KiB
 perl-Pod-Usage         noarch 4:2.05-521.fc44         fedora                                            86.3 KiB
 perl-Scalar-List-Utils x86_64 5:1.70-2.fc44           fedora                                           144.8 KiB
 perl-SelectSaver       noarch 0:1.02-524.fc44         updates                                            2.2 KiB
 perl-Socket            x86_64 4:2.040-3.fc44          fedora                                           120.1 KiB
 perl-Storable          x86_64 1:3.37-522.fc44         fedora                                           235.1 KiB
 perl-Symbol            noarch 0:1.09-524.fc44         updates                                            6.8 KiB
 perl-Term-ANSIColor    noarch 0:5.01-522.fc44         fedora                                            97.5 KiB
 perl-Term-Cap          noarch 0:1.18-521.fc44         fedora                                            29.3 KiB
 perl-Text-ParseWords   noarch 0:3.31-521.fc44         fedora                                            13.6 KiB
 perl-Text-Tabs+Wrap    noarch 0:2024.001-521.fc44     fedora                                            22.6 KiB
 perl-Time-HiRes        x86_64 4:1.9778-521.fc44       fedora                                           115.6 KiB
 perl-Time-Local        noarch 2:1.350-521.fc44        fedora                                            69.0 KiB
 perl-URI               noarch 0:5.34-3.fc44           fedora                                           268.0 KiB
 perl-base              noarch 0:2.27-524.fc44         updates                                           12.6 KiB
 perl-constant          noarch 0:1.33-522.fc44         fedora                                            26.2 KiB
 perl-if                noarch 0:0.61.000-524.fc44     updates                                            5.8 KiB
 perl-interpreter       x86_64 4:5.42.2-524.fc44       updates                                          118.7 KiB
 perl-libnet            noarch 0:3.15-522.fc44         fedora                                           289.4 KiB
 perl-libs              x86_64 4:5.42.2-524.fc44       updates                                           11.6 MiB
 perl-locale            noarch 0:1.13-524.fc44         updates                                            6.1 KiB
 perl-mro               x86_64 0:1.29-524.fc44         updates                                           41.4 KiB
 perl-overload          noarch 0:1.40-524.fc44         updates                                           71.6 KiB
 perl-overloading       noarch 0:0.02-524.fc44         updates                                            4.9 KiB
 perl-parent            noarch 1:0.244-521.fc44        fedora                                            10.3 KiB
 perl-podlators         noarch 1:6.0.2-521.fc44        fedora                                           317.5 KiB
 perl-vars              noarch 0:1.05-524.fc44         updates                                            3.9 KiB
 unibilium              x86_64 0:2.1.2-5.fc44          fedora                                            66.2 KiB
 utf8proc               x86_64 0:2.11.3-2.fc44         fedora                                           373.5 KiB
 yyjson                 x86_64 0:0.12.0-2.fc44         fedora                                           272.1 KiB
 zlib-ng                x86_64 0:2.3.3-3.fc44          fedora                                           186.0 KiB

Transaction Summary:
 Installing:        82 packages

Removing bloat packages...
Package            Arch   Version          Repository                 Size
Removing:
 firefox           x86_64 0:150.0.1-1.fc44 <unknown>             270.1 MiB
 firefox-langpacks x86_64 0:150.0.1-1.fc44 <unknown>              46.3 MiB
 yelp              x86_64 2:49.0-2.fc44    <unknown>               2.2 MiB
Removing unused dependencies:
 mozilla-openh264  x86_64 0:2.6.0-3.fc44   fedora-cisco-openh264   1.1 MiB

Transaction Summary:
 Removing:           4 packages

Copr repository 'copr.fedorainfracloud.org/scottames/ghostty' in '/etc/yum.repos.d/_copr:copr.fedorainfracloud.org:scottames:ghostty.repo' disabled.
Package                     Arch   Version          Repository      Size
Removing:
 kernel                     x86_64 0:7.0.4-200.fc44 <unknown>    0.0   B
 kernel-core                x86_64 0:7.0.4-200.fc44 <unknown>   99.1 MiB
 kernel-modules             x86_64 0:7.0.4-200.fc44 <unknown>   99.4 MiB
 kernel-modules-core        x86_64 0:7.0.4-200.fc44 <unknown>   72.5 MiB
 kernel-modules-extra       x86_64 0:7.0.4-200.fc44 <unknown>    4.4 MiB
 kernel-tools               x86_64 0:7.0.4-200.fc44 <unknown>  859.4 KiB
 kernel-tools-libs          x86_64 0:7.0.4-200.fc44 <unknown>   30.2 KiB
Removing dependent packages:
 virtualbox-guest-additions x86_64 0:7.2.6-1.fc44   <unknown>    3.5 MiB

Transaction Summary:
 Removing:           8 packages

Disabling rpm-ostree kernel install hook...
Package                     Arch   Version                   Repository                                                          Size
Installing:
 kernel-cachyos-lto         x86_64 0:7.0.5-cachyos1.lto.fc44 copr:copr.fedorainfracloud.org:bieszczaders:kernel-cachyos-lto   0.0   B
Installing dependencies:
 kernel-cachyos-lto-core    x86_64 0:7.0.5-cachyos1.lto.fc44 copr:copr.fedorainfracloud.org:bieszczaders:kernel-cachyos-lto 116.6 MiB
 kernel-cachyos-lto-modules x86_64 0:7.0.5-cachyos1.lto.fc44 copr:copr.fedorainfracloud.org:bieszczaders:kernel-cachyos-lto 131.1 MiB

Transaction Summary:
 Installing:         3 packages

Copr repository 'copr.fedorainfracloud.org/bieszczaders/kernel-cachyos-lto' in '/etc/yum.repos.d/_copr:copr.fedorainfracloud.org:bieszczaders:kernel-cachyos-lto.repo' disabled.
Re-enabling rpm-ostree kernel install hook...
Step 4: Regenerating initramfs...
INFO: Regenerating Initramfs for all installed kernels.
INFO: Applied temporary Dracut performance logging config.
INFO: Starting initramfs generation for kernel version: 7.0.5-cachyos1.lto.fc44.x86_64
INFO: Successfully generated initramfs for 7.0.5-cachyos1.lto.fc44.x86_64
INFO: Removed temporary Dracut config.
INFO: Initramfs regeneration finished successfully.
Step 5: Running cleanup...
INFO: Running container cleanup...
Removed 31 files, 26 directories (total of 89 MiB). 0 errors occurred.
INFO: Container cleanup complete.
--> b0b0175d6525
[2/2] STEP 7/8: CMD ["/sbin/init"]
--> 0fc400ca5c10
[2/2] STEP 8/8: RUN ["bootc", "container", "lint"]
Lint warning: var-tmpfiles: Found content in /var missing systemd tmpfiles.d entries:
  d /var/lib/cni 0755 root root - -
  d /var/lib/containers 0755 root root - -
  d /var/lib/containers/storage 0755 root root - -
  d /var/lib/tpm2-tss 0755 root root - -
  d /var/lib/tpm2-tss/system 0755 root root - -
  ...and 8 more

Checks passed: 12
Checks skipped: 1
Warnings: 1
[2/2] COMMIT fe02-os:gnome
--> f86ec7e19c8a
Successfully tagged localhost/fe02-os:gnome
f86ec7e19c8a20f6cf9fa318a1bf69244240426ca5258d8b1481ed4b04dc3b21
Build completed successfully! Image tagged as: fe02-os:gnome
